<?xml version="1.0" encoding="UTF-8"?>
<!-- Generated by org.testng.reporters.JUnitXMLReporter -->
<testsuite ignored="1" hostname="DESKTOP-UVCNVNR" failures="0" tests="5" name="regression" time="62.356" errors="0" timestamp="2024-05-06T16:44:04 IST">
  <testcase classname="Testbasics.DataProviderEg" name="verifysearch" time="12.356"/>
  <testcase classname="Testbasics.DataProviderEg" name="verifysearch" time="1.403"/>
  <testcase classname="Testbasics.DataProviderEg" name="verifysearch" time="0.0">
    <skipped/>
  </testcase> <!-- verifysearch -->
  <testcase classname="Testbasics.DataProviderEg" name="verifysearch" time="0.0">
    <skipped/>
  </testcase> <!-- verifysearch -->
  <testcase classname="Testbasics.DataProviderEg" name="verifysearch" time="0.0">
    <skipped/>
  </testcase> <!-- verifysearch -->
  <testcase classname="Testbasics.DataProviderEg" name="verifylogin" time="0.0">
    <ignored/>
  </testcase> <!-- verifylogin -->
</testsuite> <!-- regression -->
