<?xml version="1.0" encoding="UTF-8"?>
<!-- Generated by org.testng.reporters.JUnitXMLReporter -->
<testsuite ignored="0" hostname="DESKTOP-UVCNVNR" failures="0" tests="3" name="Default test" time="28.48" errors="0" timestamp="2024-05-04T08:30:50 IST">
  <testcase classname="Testbasics.Assign1" name="Verifybutton_text" time="0.115"/>
  <testcase classname="Testbasics.Assign1" name="verify_showmessage" time="0.409"/>
  <testcase classname="Testbasics.Assign1" name="verify_text" time="0.132"/>
</testsuite> <!-- Default test -->
